<?xml version="1.0" encoding="UTF-8"?>
<testng-results ignored="0" total="1" passed="1" failed="0" skipped="0">
  <reporter-output>
  </reporter-output>
  <suite started-at="2024-10-17T11:08:51 PDT" name="Suite" finished-at="2024-10-17T11:08:59 PDT" duration-ms="7520">
    <groups>
    </groups>
    <test started-at="2024-10-17T11:08:51 PDT" name="FacebookTestng" finished-at="2024-10-17T11:08:59 PDT" duration-ms="7520">
      <class name="FacebookTest">
        <test-method signature="f()[pri:0, instance:FacebookTest@5e0826e7]" started-at="2024-10-17T11:08:51 PDT" name="f" finished-at="2024-10-17T11:08:59 PDT" duration-ms="7339" status="PASS">
          <reporter-output>
          </reporter-output>
        </test-method> <!-- f -->
      </class> <!-- FacebookTest -->
    </test> <!-- FacebookTestng -->
  </suite> <!-- Suite -->
</testng-results>
