<?xml version="1.0" encoding="UTF-8"?>
<testng-results ignored="0" total="1" passed="1" failed="0" skipped="0">
  <reporter-output>
  </reporter-output>
  <suite started-at="2024-10-16T12:20:09 PDT" name="Suite" finished-at="2024-10-16T12:20:16 PDT" duration-ms="7007">
    <groups>
    </groups>
    <test started-at="2024-10-16T12:20:09 PDT" name="FacebookTestng" finished-at="2024-10-16T12:20:16 PDT" duration-ms="7007">
      <class name="FacebookTest">
        <test-method signature="f()[pri:0, instance:FacebookTest@7193666c]" started-at="2024-10-16T12:20:09 PDT" name="f" finished-at="2024-10-16T12:20:16 PDT" duration-ms="6938" status="PASS">
          <reporter-output>
          </reporter-output>
        </test-method> <!-- f -->
      </class> <!-- FacebookTest -->
    </test> <!-- FacebookTestng -->
  </suite> <!-- Suite -->
</testng-results>
